app/build/outputs/mapping/release/mapping.txt
com.mycompany.myapp.MainActivity -> com.mycompany.myapp.MainActivity:
    void <init>() -> <init>
    void onCreate(android.os.Bundle) -> onCreate